<?xml version="1.0" encoding="UTF-8"?>
<!-- Generated by org.testng.reporters.JUnitXMLReporter -->
<testsuite ignored="0" hostname="QSP" failures="0" tests="4" name="Test" time="6.756" errors="0" timestamp="2021-07-15T21:24:31 IST">
  <testcase classname="curdBDD.GetOpertaion" name="tc1" time="5.378"/>
  <testcase classname="curdBDD.PostOperation" name="tc3" time="1.099"/>
  <testcase classname="curdBDD.UpdateOperation" name="tc3" time="0.083"/>
  <testcase classname="curdBDD.DeleteOperation" name="tc3" time="0.071"/>
</testsuite> <!-- Test -->
