<?xml version="1.0" encoding="UTF-8"?>
<testng-results ignored="0" total="1" passed="1" failed="0" skipped="0">
  <reporter-output>
  </reporter-output>
  <suite started-at="2021-07-14T20:58:41 IST" name="Default suite" finished-at="2021-07-14T20:58:49 IST" duration-ms="8103">
    <groups>
    </groups>
    <test started-at="2021-07-14T20:58:41 IST" name="Default test" finished-at="2021-07-14T20:58:49 IST" duration-ms="8103">
      <class name="parameterization.GetOPeration">
        <test-method signature="tc3()[pri:0, instance:parameterization.GetOPeration@21b2e768]" started-at="2021-07-14T20:58:41 IST" name="tc3" finished-at="2021-07-14T20:58:49 IST" duration-ms="7947" status="PASS">
          <reporter-output>
          </reporter-output>
        </test-method> <!-- tc3 -->
      </class> <!-- parameterization.GetOPeration -->
    </test> <!-- Default test -->
  </suite> <!-- Default suite -->
</testng-results>
