<?xml version="1.0" encoding="UTF-8"?>
<testng-results ignored="0" total="4" passed="4" failed="0" skipped="0">
  <reporter-output>
  </reporter-output>
  <suite started-at="2021-07-15T21:24:24 IST" name="Suite" finished-at="2021-07-15T21:24:31 IST" duration-ms="6756">
    <groups>
    </groups>
    <test started-at="2021-07-15T21:24:24 IST" name="Test" finished-at="2021-07-15T21:24:31 IST" duration-ms="6756">
      <class name="curdBDD.UpdateOperation">
        <test-method signature="tc3()[pri:0, instance:curdBDD.UpdateOperation@76ed1b7c]" started-at="2021-07-15T21:24:31 IST" name="tc3" finished-at="2021-07-15T21:24:31 IST" duration-ms="83" status="PASS">
          <reporter-output>
          </reporter-output>
        </test-method> <!-- tc3 -->
      </class> <!-- curdBDD.UpdateOperation -->
      <class name="curdBDD.GetOpertaion">
        <test-method signature="tc1()[pri:0, instance:curdBDD.GetOpertaion@17a7f733]" started-at="2021-07-15T21:24:24 IST" name="tc1" finished-at="2021-07-15T21:24:30 IST" duration-ms="5378" status="PASS">
          <reporter-output>
          </reporter-output>
        </test-method> <!-- tc1 -->
      </class> <!-- curdBDD.GetOpertaion -->
      <class name="curdBDD.PostOperation">
        <test-method signature="tc3()[pri:0, instance:curdBDD.PostOperation@68567e20]" started-at="2021-07-15T21:24:30 IST" name="tc3" finished-at="2021-07-15T21:24:31 IST" duration-ms="1099" status="PASS">
          <reporter-output>
          </reporter-output>
        </test-method> <!-- tc3 -->
      </class> <!-- curdBDD.PostOperation -->
      <class name="curdBDD.DeleteOperation">
        <test-method signature="tc3()[pri:0, instance:curdBDD.DeleteOperation@11fc564b]" started-at="2021-07-15T21:24:31 IST" name="tc3" finished-at="2021-07-15T21:24:31 IST" duration-ms="71" status="PASS">
          <reporter-output>
          </reporter-output>
        </test-method> <!-- tc3 -->
      </class> <!-- curdBDD.DeleteOperation -->
    </test> <!-- Test -->
  </suite> <!-- Suite -->
</testng-results>
